###############################################################
#  Generated by:      Cadence Innovus 21.15-s110_1
#  OS:                Linux x86_64(Host ID Cadence6)
#  Generated on:      Fri Dec 29 13:08:40 2023
#  Design:            vedic8x8
#  Command:           verify_drc
###############################################################
#set_verify_drc_mode -check_ndr_spacing auto -check_only default -check_same_via_cell true -disable_rules "" -exclude_pg_net false -ignore_cell_blockage false -ignore_trial_route false -limit 1000 -report vedic8x8.drc.rpt -use_min_spacing_on_block_obs auto

SHORT: ( Metal Short ) Special Wire of Net vss & Pin of Cell ENDCAP_68  ( Metal1 )
Bounds : ( 100.630, 92.040 ) ( 100.920, 92.400 )


SHORT: ( Metal Short ) Special Wire of Net vdd & Pin of Cell ENDCAP_64  ( Metal1 )
Bounds : ( 100.630, 89.430 ) ( 100.920, 89.790 )


SHORT: ( Metal Short ) Special Wire of Net vss & Pin of Cell ENDCAP_62  ( Metal1 )
Bounds : ( 100.630, 86.820 ) ( 100.920, 87.180 )


SHORT: ( Metal Short ) Special Wire of Net vdd & Pin of Cell ENDCAP_60  ( Metal1 )
Bounds : ( 100.630, 84.210 ) ( 100.920, 84.570 )


SHORT: ( Metal Short ) Special Wire of Net vss & Pin of Cell ENDCAP_58  ( Metal1 )
Bounds : ( 100.630, 81.600 ) ( 100.920, 81.960 )


SHORT: ( Metal Short ) Special Wire of Net vdd & Pin of Cell ENDCAP_58  ( Metal1 )
Bounds : ( 100.630, 78.990 ) ( 100.920, 79.350 )


SHORT: ( Metal Short ) Special Wire of Net vss & Pin of Cell WELLTAP_140  ( Metal1 )
Bounds : ( 95.700, 97.260 ) ( 95.990, 97.620 )


SHORT: ( Metal Short ) Special Wire of Net vdd & Pin of Cell WELLTAP_136  ( Metal1 )
Bounds : ( 95.700, 94.650 ) ( 95.990, 95.010 )


SHORT: ( Metal Short ) Special Wire of Net vss & Pin of Cell WELLTAP_136  ( Metal1 )
Bounds : ( 95.700, 92.040 ) ( 95.990, 92.400 )


SHORT: ( Metal Short ) Special Wire of Net vdd & Pin of Cell WELLTAP_128  ( Metal1 )
Bounds : ( 95.700, 89.430 ) ( 95.990, 89.790 )


SHORT: ( Metal Short ) Special Wire of Net vss & Pin of Cell WELLTAP_124  ( Metal1 )
Bounds : ( 95.700, 86.820 ) ( 95.990, 87.180 )


SHORT: ( Metal Short ) Special Wire of Net vdd & Pin of Cell WELLTAP_120  ( Metal1 )
Bounds : ( 95.700, 84.210 ) ( 95.990, 84.570 )


SHORT: ( Metal Short ) Special Wire of Net vss & Pin of Cell WELLTAP_116  ( Metal1 )
Bounds : ( 95.700, 81.600 ) ( 95.990, 81.960 )


SHORT: ( Metal Short ) Special Wire of Net vdd & Pin of Cell WELLTAP_116  ( Metal1 )
Bounds : ( 95.700, 78.990 ) ( 95.990, 79.350 )


SHORT: ( Metal Short ) Special Wire of Net vss & Pin of Cell op_reg[5]  ( Metal1 )
Bounds : ( 87.290, 97.260 ) ( 93.670, 97.620 )


SHORT: ( Metal Short ) Special Wire of Net vdd & Pin of Cell g5735__2398  ( Metal1 )
Bounds : ( 86.420, 78.990 ) ( 88.160, 79.350 )


SHORT: ( Metal Short ) Special Wire of Net vss & Pin of Cell g5702__6131  ( Metal1 )
Bounds : ( 85.550, 81.600 ) ( 88.450, 81.960 )


SHORT: ( Metal Short ) Special Wire of Net vdd & Pin of Cell A1_sum_reg[1]  ( Metal1 )
Bounds : ( 84.970, 84.210 ) ( 91.060, 84.570 )


SHORT: ( Metal Short ) Special Wire of Net vdd & Pin of Cell g5718__6161  ( Metal1 )
Bounds : ( 83.520, 78.990 ) ( 85.260, 79.350 )


SHORT: ( Metal Short ) Special Wire of Net vdd & Pin of Cell ENDCAP_68  ( Metal1 )
Bounds : ( 100.630, 94.650 ) ( 100.920, 95.010 )


SHORT: ( Metal Short ) Special Wire of Net vss & Pin of Cell ENDCAP_70  ( Metal1 )
Bounds : ( 100.630, 97.260 ) ( 100.920, 97.620 )


SHORT: ( Metal Short ) Special Wire of Net vdd & Pin of Cell M1_V4_H1_carry_reg  ( Metal1 )
Bounds : ( 55.680, 84.210 ) ( 62.640, 84.570 )


SHORT: ( Metal Short ) Special Wire of Net vss & Pin of Cell M1_A2_sum_reg[4]  ( Metal1 )
Bounds : ( 57.130, 97.260 ) ( 63.220, 97.620 )


SHORT: ( Metal Short ) Special Wire of Net vss & Pin of Cell g5466__5107  ( Metal1 )
Bounds : ( 65.830, 81.600 ) ( 74.530, 81.960 )


SHORT: ( Metal Short ) Special Wire of Net vss & Pin of Cell WELLTAP_139  ( Metal1 )
Bounds : ( 65.830, 97.260 ) ( 66.120, 97.620 )


SHORT: ( Metal Short ) Special Wire of Net vss & Pin of Cell op_reg[6]  ( Metal1 )
Bounds : ( 68.440, 97.260 ) ( 74.820, 97.620 )


SHORT: ( Metal Short ) Special Wire of Net vdd & Pin of Cell g5619__7098  ( Metal1 )
Bounds : ( 75.110, 78.990 ) ( 78.010, 79.350 )


SHORT: ( Metal Short ) Special Wire of Net vdd & Pin of Cell g5783__1666  ( Metal1 )
Bounds : ( 80.040, 78.990 ) ( 82.940, 79.350 )


SHORT: ( Metal Short ) Special Wire of Net vss & Pin of Cell g5619__7098  ( Metal1 )
Bounds : ( 74.820, 81.600 ) ( 82.940, 81.960 )


SHORT: ( Metal Short ) Special Wire of Net vdd & Pin of Cell M1_A3_sum_reg[1]  ( Metal1 )
Bounds : ( 65.830, 94.650 ) ( 94.540, 95.010 )


SHORT: ( Metal Short ) Special Wire of Net vss & Pin of Cell A1_sum_reg[0]  ( Metal1 )
Bounds : ( 65.830, 86.820 ) ( 95.120, 87.180 )


SHORT: ( Metal Short ) Special Wire of Net vdd & Pin of Cell g5493__1705  ( Metal1 )
Bounds : ( 65.830, 84.210 ) ( 84.390, 84.570 )


SHORT: ( Metal Short ) Special Wire of Net vss & Pin of Cell ENDCAP_48  ( Metal1 )
Bounds : ( 100.630, 65.940 ) ( 100.920, 66.300 )


SHORT: ( Metal Short ) Special Wire of Net vdd & Pin of Cell ENDCAP_44  ( Metal1 )
Bounds : ( 100.630, 63.330 ) ( 100.920, 63.690 )


SHORT: ( Metal Short ) Special Wire of Net vss & Pin of Cell ENDCAP_42  ( Metal1 )
Bounds : ( 100.630, 60.720 ) ( 100.920, 61.080 )


SHORT: ( Metal Short ) Special Wire of Net vdd & Pin of Cell ENDCAP_40  ( Metal1 )
Bounds : ( 100.630, 58.110 ) ( 100.920, 58.470 )


SHORT: ( Metal Short ) Special Wire of Net vss & Pin of Cell ENDCAP_38  ( Metal1 )
Bounds : ( 100.630, 55.500 ) ( 100.920, 55.860 )


SHORT: ( Metal Short ) Special Wire of Net vdd & Pin of Cell ENDCAP_38  ( Metal1 )
Bounds : ( 100.630, 52.890 ) ( 100.920, 53.250 )


SHORT: ( Metal Short ) Special Wire of Net vss & Pin of Cell WELLTAP_108  ( Metal1 )
Bounds : ( 95.700, 76.380 ) ( 95.990, 76.740 )


SHORT: ( Metal Short ) Special Wire of Net vss & Pin of Cell M2_A1_sum_reg[1]  ( Metal1 )
Bounds : ( 89.320, 55.500 ) ( 95.990, 55.860 )


SHORT: ( Metal Short ) Special Wire of Net vss & Pin of Cell g5782__9315  ( Metal1 )
Bounds : ( 87.290, 55.500 ) ( 89.030, 55.860 )


SHORT: ( Metal Short ) Special Wire of Net vdd & Pin of Cell g5678__2346  ( Metal1 )
Bounds : ( 87.290, 52.890 ) ( 95.990, 53.250 )


SHORT: ( Metal Short ) Special Wire of Net vss & Pin of Cell g5738__6260  ( Metal1 )
Bounds : ( 85.840, 76.380 ) ( 88.160, 76.740 )


SHORT: ( Metal Short ) Special Wire of Net vdd & Pin of Cell g5725__7098  ( Metal1 )
Bounds : ( 84.970, 63.330 ) ( 95.990, 63.690 )


SHORT: ( Metal Short ) Special Wire of Net vss & Pin of Cell g5799__6783  ( Metal1 )
Bounds : ( 80.910, 65.940 ) ( 82.650, 66.300 )


SHORT: ( Metal Short ) Special Wire of Net vdd & Pin of Cell g5852__8246  ( Metal1 )
Bounds : ( 81.490, 63.330 ) ( 83.810, 63.690 )


SHORT: ( Metal Short ) Special Wire of Net vss & Pin of Cell g5675__4733  ( Metal1 )
Bounds : ( 83.520, 65.940 ) ( 95.990, 66.300 )


SHORT: ( Metal Short ) Special Wire of Net vdd & Pin of Cell g5810__1881  ( Metal1 )
Bounds : ( 84.680, 52.890 ) ( 85.840, 53.250 )


SHORT: ( Metal Short ) Special Wire of Net vdd & Pin of Cell ENDCAP_48  ( Metal1 )
Bounds : ( 100.630, 68.550 ) ( 100.920, 68.910 )


SHORT: ( Metal Short ) Special Wire of Net vss & Pin of Cell ENDCAP_50  ( Metal1 )
Bounds : ( 100.630, 71.160 ) ( 100.920, 71.520 )


SHORT: ( Metal Short ) Special Wire of Net vdd & Pin of Cell ENDCAP_52  ( Metal1 )
Bounds : ( 100.630, 73.770 ) ( 100.920, 74.130 )


SHORT: ( Metal Short ) Special Wire of Net vss & Pin of Cell ENDCAP_54  ( Metal1 )
Bounds : ( 100.630, 76.380 ) ( 100.920, 76.740 )


SHORT: ( Metal Short ) Special Wire of Net vss & Pin of Cell M3_A2_sum_reg[2]  ( Metal1 )
Bounds : ( 65.830, 55.500 ) ( 72.210, 55.860 )


SHORT: ( Metal Short ) Special Wire of Net vss & Pin of Cell WELLTAP_91  ( Metal1 )
Bounds : ( 65.830, 65.940 ) ( 68.440, 66.300 )


SHORT: ( Metal Short ) Special Wire of Net vss & Pin of Cell A1_sum_reg[3]  ( Metal1 )
Bounds : ( 66.990, 76.380 ) ( 74.820, 76.740 )


SHORT: ( Metal Short ) Special Wire of Net vss & Pin of Cell g5582__5107  ( Metal1 )
Bounds : ( 71.920, 65.940 ) ( 73.660, 66.300 )


SHORT: ( Metal Short ) Special Wire of Net vdd & Pin of Cell g5598__8246  ( Metal1 )
Bounds : ( 72.500, 63.330 ) ( 74.530, 63.690 )


SHORT: ( Metal Short ) Special Wire of Net vss & Pin of Cell g5646__6417  ( Metal1 )
Bounds : ( 75.980, 76.380 ) ( 77.720, 76.740 )


SHORT: ( Metal Short ) Special Wire of Net vss & Pin of Cell g5883__2398  ( Metal1 )
Bounds : ( 78.010, 65.940 ) ( 79.170, 66.300 )


SHORT: ( Metal Short ) Special Wire of Net vss & Pin of Cell M3_op_reg[1]  ( Metal1 )
Bounds : ( 78.010, 76.380 ) ( 85.260, 76.740 )


SHORT: ( Metal Short ) Special Wire of Net vdd & Pin of Cell g5864__9315  ( Metal1 )
Bounds : ( 78.010, 63.330 ) ( 80.330, 63.690 )


SHORT: ( Metal Short ) Special Wire of Net vss & Pin of Cell M2_V2_res_reg  ( Metal1 )
Bounds : ( 75.110, 55.500 ) ( 85.840, 55.860 )


SHORT: ( Metal Short ) Special Wire of Net vdd & Pin of Cell M2_A1_sum_reg[0]  ( Metal1 )
Bounds : ( 70.470, 58.110 ) ( 95.990, 58.470 )


SHORT: ( Metal Short ) Special Wire of Net vdd & Pin of Cell M2_V1_H0_carry_reg  ( Metal1 )
Bounds : ( 69.600, 68.550 ) ( 95.990, 68.910 )


SHORT: ( Metal Short ) Special Wire of Net vdd & Pin of Cell g5578__7410  ( Metal1 )
Bounds : ( 63.510, 52.890 ) ( 82.940, 53.250 )


SHORT: ( Metal Short ) Special Wire of Net vss & Pin of Cell M2_V1_res_reg  ( Metal1 )
Bounds : ( 53.650, 71.160 ) ( 95.990, 71.520 )


SHORT: ( Metal Short ) Special Wire of Net vss & Pin of Cell M1_V1_H1_sum_reg  ( Metal1 )
Bounds : ( 17.690, 81.600 ) ( 36.250, 81.960 )


SHORT: ( Metal Short ) Special Wire of Net vss & Pin of Cell ENDCAP_59  ( Metal1 )
Bounds : ( 6.090, 81.600 ) ( 6.670, 81.960 )


SHORT: ( Metal Short ) Special Wire of Net vdd & Pin of Cell ENDCAP_55  ( Metal1 )
Bounds : ( 6.090, 78.990 ) ( 6.670, 79.350 )


SHORT: ( Metal Short ) Special Wire of Net vdd & Pin of Cell ENDCAP_61  ( Metal1 )
Bounds : ( 6.090, 84.210 ) ( 6.670, 84.570 )


SHORT: ( Metal Short ) Special Wire of Net vss & Pin of Cell ENDCAP_63  ( Metal1 )
Bounds : ( 6.090, 86.820 ) ( 6.670, 87.180 )


SHORT: ( Metal Short ) Special Wire of Net vdd & Pin of Cell ENDCAP_65  ( Metal1 )
Bounds : ( 6.090, 89.430 ) ( 6.670, 89.790 )


SHORT: ( Metal Short ) Special Wire of Net vss & Pin of Cell ENDCAP_65  ( Metal1 )
Bounds : ( 6.090, 92.040 ) ( 6.670, 92.400 )


SHORT: ( Metal Short ) Special Wire of Net vdd & Pin of Cell ENDCAP_69  ( Metal1 )
Bounds : ( 6.090, 94.650 ) ( 6.670, 95.010 )


SHORT: ( Metal Short ) Special Wire of Net vss & Pin of Cell ENDCAP_69  ( Metal1 )
Bounds : ( 6.090, 97.260 ) ( 6.670, 97.620 )


SHORT: ( Metal Short ) Special Wire of Net vss & Pin of Cell M1_A2_sum_reg[0]  ( Metal1 )
Bounds : ( 15.080, 86.820 ) ( 21.460, 87.180 )


SHORT: ( Metal Short ) Special Wire of Net vdd & Pin of Cell M1_V1_H1_carry_reg  ( Metal1 )
Bounds : ( 15.370, 84.210 ) ( 36.250, 84.570 )


SHORT: ( Metal Short ) Special Wire of Net vdd & Pin of Cell M1_A2_sum_reg[1]  ( Metal1 )
Bounds : ( 15.950, 94.650 ) ( 28.420, 95.010 )


SHORT: ( Metal Short ) Special Wire of Net vss & Pin of Cell op_reg[3]  ( Metal1 )
Bounds : ( 15.950, 97.260 ) ( 28.420, 97.620 )


SHORT: ( Metal Short ) Special Wire of Net vdd & Pin of Cell M1_V1_H1_sum_reg  ( Metal1 )
Bounds : ( 21.750, 78.990 ) ( 27.840, 79.350 )


SHORT: ( Metal Short ) Special Wire of Net vdd & Pin of Cell g5866__5107  ( Metal1 )
Bounds : ( 28.420, 78.990 ) ( 36.250, 79.350 )


SHORT: ( Metal Short ) Special Wire of Net vdd & Pin of Cell M1_A1_sum_reg[2]  ( Metal1 )
Bounds : ( 29.870, 94.650 ) ( 36.250, 95.010 )


SHORT: ( Metal Short ) Special Wire of Net vss & Pin of Cell WELLTAP_138  ( Metal1 )
Bounds : ( 35.960, 97.260 ) ( 36.250, 97.620 )


SHORT: ( Metal Short ) Special Wire of Net vss & Pin of Cell g5793__4319  ( Metal1 )
Bounds : ( 36.540, 81.600 ) ( 48.720, 81.960 )


SHORT: ( Metal Short ) Special Wire of Net vdd & Pin of Cell M1_V2_H0_carry_reg  ( Metal1 )
Bounds : ( 36.540, 84.210 ) ( 48.720, 84.570 )


SHORT: ( Metal Short ) Special Wire of Net vdd & Pin of Cell g5623__2346  ( Metal1 )
Bounds : ( 36.540, 94.650 ) ( 40.310, 95.010 )


SHORT: ( Metal Short ) Special Wire of Net vdd & Pin of Cell g5863__9945  ( Metal1 )
Bounds : ( 37.410, 78.990 ) ( 40.310, 79.350 )


SHORT: ( Metal Short ) Special Wire of Net vdd & Pin of Cell g5890__5526  ( Metal1 )
Bounds : ( 41.470, 78.990 ) ( 46.400, 79.350 )


SHORT: ( Metal Short ) Special Wire of Net vss & Pin of Cell g5607  ( Metal1 )
Bounds : ( 43.500, 97.260 ) ( 44.370, 97.620 )


SHORT: ( Metal Short ) Special Wire of Net vss & Pin of Cell g5602__5526  ( Metal1 )
Bounds : ( 45.820, 97.260 ) ( 46.980, 97.620 )


SHORT: ( Metal Short ) Special Wire of Net vdd & Pin of Cell g5856__6417  ( Metal1 )
Bounds : ( 46.980, 78.990 ) ( 48.140, 79.350 )


SHORT: ( Metal Short ) Special Wire of Net vss & Pin of Cell g5590__2346  ( Metal1 )
Bounds : ( 48.140, 97.260 ) ( 49.880, 97.620 )


SHORT: ( Metal Short ) Special Wire of Net vss & Pin of Cell WELLTAP_94  ( Metal1 )
Bounds : ( 35.960, 65.940 ) ( 36.250, 66.300 )


SHORT: ( Metal Short ) Special Wire of Net vdd & Pin of Cell WELLTAP_86  ( Metal1 )
Bounds : ( 35.960, 63.330 ) ( 36.250, 63.690 )


SHORT: ( Metal Short ) Special Wire of Net vdd & Pin of Cell g5853__6161  ( Metal1 )
Bounds : ( 35.960, 52.890 ) ( 42.050, 53.250 )


SHORT: ( Metal Short ) Special Wire of Net vdd & Pin of Cell g5862__5115  ( Metal1 )
Bounds : ( 33.930, 68.550 ) ( 35.090, 68.910 )


SHORT: ( Metal Short ) Special Wire of Net vss & Pin of Cell g5862__5115  ( Metal1 )
Bounds : ( 33.930, 65.940 ) ( 35.090, 66.300 )


SHORT: ( Metal Short ) Special Wire of Net vdd & Pin of Cell g5869__6260  ( Metal1 )
Bounds : ( 33.640, 63.330 ) ( 35.380, 63.690 )


SHORT: ( Metal Short ) Special Wire of Net vdd & Pin of Cell WELLTAP_94  ( Metal1 )
Bounds : ( 35.960, 68.550 ) ( 36.250, 68.910 )


SHORT: ( Metal Short ) Special Wire of Net vdd & Pin of Cell g5679__9315  ( Metal1 )
Bounds : ( 36.830, 63.330 ) ( 51.910, 63.690 )


SHORT: ( Metal Short ) Special Wire of Net vss & Pin of Cell g5733__5526  ( Metal1 )
Bounds : ( 36.830, 65.940 ) ( 46.400, 66.300 )


SHORT: ( Metal Short ) Special Wire of Net vdd & Pin of Cell g5877__6783  ( Metal1 )
Bounds : ( 36.830, 68.550 ) ( 49.590, 68.910 )


SHORT: ( Metal Short ) Special Wire of Net vss & Pin of Cell g5843__6161  ( Metal1 )
Bounds : ( 37.410, 71.160 ) ( 38.570, 71.520 )


SHORT: ( Metal Short ) Special Wire of Net vss & Pin of Cell g5863__9945  ( Metal1 )
Bounds : ( 38.280, 76.380 ) ( 39.440, 76.740 )


SHORT: ( Metal Short ) Special Wire of Net vss & Pin of Cell M3_V3_res_reg  ( Metal1 )
Bounds : ( 40.310, 71.160 ) ( 50.750, 71.520 )


SHORT: ( Metal Short ) Special Wire of Net vdd & Pin of Cell g5873__1617  ( Metal1 )
Bounds : ( 40.310, 73.770 ) ( 42.050, 74.130 )


SHORT: ( Metal Short ) Special Wire of Net vss & Pin of Cell g5873__1617  ( Metal1 )
Bounds : ( 40.310, 76.380 ) ( 42.630, 76.740 )


SHORT: ( Metal Short ) Special Wire of Net vss & Pin of Cell g5809__5115  ( Metal1 )
Bounds : ( 46.690, 65.940 ) ( 49.590, 66.300 )


SHORT: ( Metal Short ) Special Wire of Net vss & Pin of Cell g5880__8246  ( Metal1 )
Bounds : ( 51.040, 71.160 ) ( 52.490, 71.520 )


SHORT: ( Metal Short ) Special Wire of Net vdd & Pin of Cell op_reg[1]  ( Metal1 )
Bounds : ( 16.820, 68.550 ) ( 23.200, 68.910 )


SHORT: ( Metal Short ) Special Wire of Net vss & Pin of Cell M4_V2_H1_carry_reg  ( Metal1 )
Bounds : ( 15.950, 55.500 ) ( 22.330, 55.860 )


SHORT: ( Metal Short ) Special Wire of Net vdd & Pin of Cell g5629__1881  ( Metal1 )
Bounds : ( 14.500, 52.890 ) ( 22.040, 53.250 )


SHORT: ( Metal Short ) Special Wire of Net vdd & Pin of Cell ENDCAP_35  ( Metal1 )
Bounds : ( 6.090, 52.890 ) ( 6.670, 53.250 )


SHORT: ( Metal Short ) Special Wire of Net vss & Pin of Cell ENDCAP_39  ( Metal1 )
Bounds : ( 6.090, 55.500 ) ( 6.670, 55.860 )


SHORT: ( Metal Short ) Special Wire of Net vdd & Pin of Cell ENDCAP_41  ( Metal1 )
Bounds : ( 6.090, 58.110 ) ( 6.670, 58.470 )


SHORT: ( Metal Short ) Special Wire of Net vss & Pin of Cell ENDCAP_43  ( Metal1 )
Bounds : ( 6.090, 60.720 ) ( 6.670, 61.080 )


SHORT: ( Metal Short ) Special Wire of Net vdd & Pin of Cell ENDCAP_45  ( Metal1 )
Bounds : ( 6.090, 63.330 ) ( 6.670, 63.690 )


SHORT: ( Metal Short ) Special Wire of Net vss & Pin of Cell ENDCAP_45  ( Metal1 )
Bounds : ( 6.090, 65.940 ) ( 6.670, 66.300 )


SHORT: ( Metal Short ) Special Wire of Net vdd & Pin of Cell ENDCAP_49  ( Metal1 )
Bounds : ( 6.090, 68.550 ) ( 6.670, 68.910 )


SHORT: ( Metal Short ) Special Wire of Net vss & Pin of Cell ENDCAP_51  ( Metal1 )
Bounds : ( 6.090, 71.160 ) ( 6.670, 71.520 )


SHORT: ( Metal Short ) Special Wire of Net vdd & Pin of Cell ENDCAP_53  ( Metal1 )
Bounds : ( 6.090, 73.770 ) ( 6.670, 74.130 )


SHORT: ( Metal Short ) Special Wire of Net vss & Pin of Cell ENDCAP_55  ( Metal1 )
Bounds : ( 6.090, 76.380 ) ( 6.670, 76.740 )


SHORT: ( Metal Short ) Special Wire of Net vss & Pin of Cell op_reg[1]  ( Metal1 )
Bounds : ( 16.820, 71.160 ) ( 23.200, 71.520 )


SHORT: ( Metal Short ) Special Wire of Net vdd & Pin of Cell g5838__9945  ( Metal1 )
Bounds : ( 15.950, 73.770 ) ( 36.250, 74.130 )


SHORT: ( Metal Short ) Special Wire of Net vss & Pin of Cell M1_V3_res_reg  ( Metal1 )
Bounds : ( 15.950, 76.380 ) ( 36.250, 76.740 )


SHORT: ( Metal Short ) Special Wire of Net vdd & Pin of Cell M4_V3_H1_carry_reg  ( Metal1 )
Bounds : ( 16.240, 58.110 ) ( 36.250, 58.470 )


SHORT: ( Metal Short ) Special Wire of Net vdd & Pin of Cell M4_V3_H0_carry_reg  ( Metal1 )
Bounds : ( 18.850, 63.330 ) ( 31.900, 63.690 )


SHORT: ( Metal Short ) Special Wire of Net vss & Pin of Cell op_reg[0]  ( Metal1 )
Bounds : ( 18.850, 65.940 ) ( 33.060, 66.300 )


SHORT: ( Metal Short ) Special Wire of Net vss & Pin of Cell g5882__2346  ( Metal1 )
Bounds : ( 21.170, 60.720 ) ( 36.250, 61.080 )


SHORT: ( Metal Short ) Special Wire of Net vdd & Pin of Cell g5875__8428  ( Metal1 )
Bounds : ( 22.620, 52.890 ) ( 34.510, 53.250 )


SHORT: ( Metal Short ) Special Wire of Net vss & Pin of Cell M4_V2_H0_carry_reg  ( Metal1 )
Bounds : ( 22.620, 55.500 ) ( 35.090, 55.860 )


SHORT: ( Metal Short ) Special Wire of Net vss & Pin of Cell g5878__4733  ( Metal1 )
Bounds : ( 24.070, 71.160 ) ( 36.250, 71.520 )


SHORT: ( Metal Short ) Special Wire of Net vdd & Pin of Cell M1_V1_res_reg  ( Metal1 )
Bounds : ( 25.230, 68.550 ) ( 33.060, 68.910 )


SHORT: ( Metal Short ) Special Wire of Net vdd & Pin of Cell g5480  ( Metal1 )
Bounds : ( 14.500, 89.430 ) ( 95.120, 89.790 )


SHORT: ( Metal Short ) Special Wire of Net vss & Pin of Cell g5511  ( Metal1 )
Bounds : ( 14.500, 92.040 ) ( 94.540, 92.400 )


SHORT: ( Metal Short ) Special Wire of Net vss & Pin of Cell g5673__1881  ( Metal1 )
Bounds : ( 22.330, 86.820 ) ( 62.060, 87.180 )


SHORT: ( Metal Short ) Special Wire of Net vss & Pin of Cell M3_V2_H0_carry_reg  ( Metal1 )
Bounds : ( 35.960, 55.500 ) ( 64.960, 55.860 )


SHORT: ( Metal Short ) Special Wire of Net vss & Pin of Cell g5641__5107  ( Metal1 )
Bounds : ( 36.830, 60.720 ) ( 95.990, 61.080 )


SHORT: ( Metal Short ) Special Wire of Net vdd & Pin of Cell g5622__1666  ( Metal1 )
Bounds : ( 38.860, 58.110 ) ( 68.730, 58.470 )


SHORT: ( Metal Short ) Special Wire of Net vdd & Pin of Cell g5562__6161  ( Metal1 )
Bounds : ( 40.890, 94.650 ) ( 63.800, 95.010 )


SHORT: ( Metal Short ) Special Wire of Net vdd & Pin of Cell g5608  ( Metal1 )
Bounds : ( 42.340, 52.890 ) ( 62.930, 53.250 )


SHORT: ( Metal Short ) Special Wire of Net vdd & Pin of Cell g5842__1666  ( Metal1 )
Bounds : ( 42.920, 73.770 ) ( 95.990, 74.130 )


SHORT: ( Metal Short ) Special Wire of Net vss & Pin of Cell g5865__3680  ( Metal1 )
Bounds : ( 44.080, 76.380 ) ( 66.120, 76.740 )


SHORT: ( Metal Short ) Special Wire of Net vdd & Pin of Cell g5667  ( Metal1 )
Bounds : ( 49.010, 78.990 ) ( 74.530, 79.350 )


SHORT: ( Metal Short ) Special Wire of Net vss & Pin of Cell M1_V4_H0_carry_reg  ( Metal1 )
Bounds : ( 49.010, 81.600 ) ( 62.640, 81.960 )


SHORT: ( Metal Short ) Special Wire of Net vdd & Pin of Cell M1_V4_H0_sum_reg  ( Metal1 )
Bounds : ( 49.300, 84.210 ) ( 55.390, 84.570 )


SHORT: ( Metal Short ) Special Wire of Net vss & Pin of Cell M3_V1_H1_carry_reg  ( Metal1 )
Bounds : ( 50.750, 65.940 ) ( 64.960, 66.300 )


SHORT: ( Metal Short ) Special Wire of Net vdd & Pin of Cell g5854__7098  ( Metal1 )
Bounds : ( 50.750, 68.550 ) ( 68.440, 68.910 )


SHORT: ( Metal Short ) Special Wire of Net vss & Pin of Cell M1_A2_sum_reg[3]  ( Metal1 )
Bounds : ( 50.750, 97.260 ) ( 56.840, 97.620 )


SHORT: ( Metal Short ) Special Wire of Net vdd & Pin of Cell g5643__3680  ( Metal1 )
Bounds : ( 52.200, 63.330 ) ( 72.210, 63.690 )


SHORT: ( Metal Short ) Special Wire of Net vdd & Pin of Cell g5618  ( Metal1 )
Bounds : ( 83.520, 26.790 ) ( 95.990, 27.150 )


SHORT: ( Metal Short ) Special Wire of Net vss & Pin of Cell g5839__2398  ( Metal1 )
Bounds : ( 83.230, 50.280 ) ( 84.390, 50.640 )


SHORT: ( Metal Short ) Special Wire of Net vdd & Pin of Cell M2_V2_H0_carry_reg  ( Metal1 )
Bounds : ( 83.230, 47.670 ) ( 95.990, 48.030 )


SHORT: ( Metal Short ) Special Wire of Net vss & Pin of Cell M2_V2_H1_sum_reg  ( Metal1 )
Bounds : ( 83.230, 45.060 ) ( 95.990, 45.420 )


SHORT: ( Metal Short ) Special Wire of Net vdd & Pin of Cell M2_V3_H0_carry_reg  ( Metal1 )
Bounds : ( 82.940, 42.450 ) ( 95.990, 42.810 )


SHORT: ( Metal Short ) Special Wire of Net vss & Pin of Cell g5723__1881  ( Metal1 )
Bounds : ( 82.940, 39.840 ) ( 95.990, 40.200 )


SHORT: ( Metal Short ) Special Wire of Net vss & Pin of Cell g5879__4733  ( Metal1 )
Bounds : ( 81.490, 50.280 ) ( 82.650, 50.640 )


SHORT: ( Metal Short ) Special Wire of Net vdd & Pin of Cell g5870__4319  ( Metal1 )
Bounds : ( 81.200, 47.670 ) ( 82.940, 48.030 )


SHORT: ( Metal Short ) Special Wire of Net vdd & Pin of Cell g5859__6131  ( Metal1 )
Bounds : ( 81.200, 37.230 ) ( 82.940, 37.590 )


SHORT: ( Metal Short ) Special Wire of Net vss & Pin of Cell g5834__4319  ( Metal1 )
Bounds : ( 80.620, 45.060 ) ( 82.940, 45.420 )


SHORT: ( Metal Short ) Special Wire of Net vss & Pin of Cell M2_V4_H0_carry_reg  ( Metal1 )
Bounds : ( 83.520, 29.400 ) ( 95.990, 29.760 )


SHORT: ( Metal Short ) Special Wire of Net vdd & Pin of Cell M2_V2_H1_carry_reg  ( Metal1 )
Bounds : ( 83.520, 37.230 ) ( 95.990, 37.590 )


SHORT: ( Metal Short ) Special Wire of Net vss & Pin of Cell g5790__1705  ( Metal1 )
Bounds : ( 86.130, 50.280 ) ( 87.870, 50.640 )


SHORT: ( Metal Short ) Special Wire of Net vss & Pin of Cell M2_V2_H0_sum_reg  ( Metal1 )
Bounds : ( 88.160, 50.280 ) ( 95.990, 50.640 )


SHORT: ( Metal Short ) Special Wire of Net vdd & Pin of Cell ENDCAP_18  ( Metal1 )
Bounds : ( 100.630, 26.790 ) ( 100.920, 27.150 )


SHORT: ( Metal Short ) Special Wire of Net vss & Pin of Cell ENDCAP_18  ( Metal1 )
Bounds : ( 100.630, 29.400 ) ( 100.920, 29.760 )


SHORT: ( Metal Short ) Special Wire of Net vdd & Pin of Cell ENDCAP_20  ( Metal1 )
Bounds : ( 100.630, 32.010 ) ( 100.920, 32.370 )


SHORT: ( Metal Short ) Special Wire of Net vss & Pin of Cell ENDCAP_22  ( Metal1 )
Bounds : ( 100.630, 34.620 ) ( 100.920, 34.980 )


SHORT: ( Metal Short ) Special Wire of Net vdd & Pin of Cell ENDCAP_24  ( Metal1 )
Bounds : ( 100.630, 37.230 ) ( 100.920, 37.590 )


SHORT: ( Metal Short ) Special Wire of Net vss & Pin of Cell ENDCAP_28  ( Metal1 )
Bounds : ( 100.630, 39.840 ) ( 100.920, 40.200 )


SHORT: ( Metal Short ) Special Wire of Net vdd & Pin of Cell ENDCAP_28  ( Metal1 )
Bounds : ( 100.630, 42.450 ) ( 100.920, 42.810 )


SHORT: ( Metal Short ) Special Wire of Net vss & Pin of Cell ENDCAP_30  ( Metal1 )
Bounds : ( 100.630, 45.060 ) ( 100.920, 45.420 )


SHORT: ( Metal Short ) Special Wire of Net vdd & Pin of Cell ENDCAP_32  ( Metal1 )
Bounds : ( 100.630, 47.670 ) ( 100.920, 48.030 )


SHORT: ( Metal Short ) Special Wire of Net vss & Pin of Cell ENDCAP_34  ( Metal1 )
Bounds : ( 100.630, 50.280 ) ( 100.920, 50.640 )


SHORT: ( Metal Short ) Special Wire of Net vss & Pin of Cell g5608  ( Metal1 )
Bounds : ( 58.000, 50.280 ) ( 58.870, 50.640 )


SHORT: ( Metal Short ) Special Wire of Net vss & Pin of Cell g5589__2883  ( Metal1 )
Bounds : ( 60.030, 50.280 ) ( 61.770, 50.640 )


SHORT: ( Metal Short ) Special Wire of Net vss & Pin of Cell g5587__1617  ( Metal1 )
Bounds : ( 63.510, 50.280 ) ( 66.120, 50.640 )


SHORT: ( Metal Short ) Special Wire of Net vdd & Pin of Cell g5460__7410  ( Metal1 )
Bounds : ( 65.830, 37.230 ) ( 76.270, 37.590 )


SHORT: ( Metal Short ) Special Wire of Net vss & Pin of Cell g5573  ( Metal1 )
Bounds : ( 66.410, 50.280 ) ( 78.590, 50.640 )


SHORT: ( Metal Short ) Special Wire of Net vdd & Pin of Cell g5542__4319  ( Metal1 )
Bounds : ( 67.860, 42.450 ) ( 76.270, 42.810 )


SHORT: ( Metal Short ) Special Wire of Net vss & Pin of Cell A1_sum_reg[4]  ( Metal1 )
Bounds : ( 67.860, 45.060 ) ( 75.980, 45.420 )


SHORT: ( Metal Short ) Special Wire of Net vdd & Pin of Cell g5532__7410  ( Metal1 )
Bounds : ( 70.470, 47.670 ) ( 72.210, 48.030 )


SHORT: ( Metal Short ) Special Wire of Net vdd & Pin of Cell g5537__6417  ( Metal1 )
Bounds : ( 73.660, 47.670 ) ( 74.820, 48.030 )


SHORT: ( Metal Short ) Special Wire of Net vss & Pin of Cell g5557__6131  ( Metal1 )
Bounds : ( 73.950, 39.840 ) ( 76.270, 40.200 )


SHORT: ( Metal Short ) Special Wire of Net vdd & Pin of Cell g5850__1666  ( Metal1 )
Bounds : ( 77.720, 42.450 ) ( 78.880, 42.810 )


SHORT: ( Metal Short ) Special Wire of Net vss & Pin of Cell g5850__1666  ( Metal1 )
Bounds : ( 77.720, 45.060 ) ( 79.170, 45.420 )


SHORT: ( Metal Short ) Special Wire of Net vdd & Pin of Cell g5849__2883  ( Metal1 )
Bounds : ( 78.010, 47.670 ) ( 79.170, 48.030 )


SHORT: ( Metal Short ) Special Wire of Net vdd & Pin of Cell g5792__6260  ( Metal1 )
Bounds : ( 80.040, 26.790 ) ( 81.780, 27.150 )


SHORT: ( Metal Short ) Special Wire of Net vss & Pin of Cell g5861__7482  ( Metal1 )
Bounds : ( 79.750, 50.280 ) ( 80.910, 50.640 )


SHORT: ( Metal Short ) Special Wire of Net vdd & Pin of Cell g5861__7482  ( Metal1 )
Bounds : ( 79.750, 47.670 ) ( 80.910, 48.030 )


SHORT: ( Metal Short ) Special Wire of Net vss & Pin of Cell g5846__7482  ( Metal1 )
Bounds : ( 79.170, 39.840 ) ( 81.780, 40.200 )


SHORT: ( Metal Short ) Special Wire of Net vdd & Pin of Cell g5844__9315  ( Metal1 )
Bounds : ( 78.010, 37.230 ) ( 80.330, 37.590 )


SHORT: ( Metal Short ) Special Wire of Net vss & Pin of Cell M3_A3_sum_reg[2]  ( Metal1 )
Bounds : ( 59.740, 29.400 ) ( 82.940, 29.760 )


SHORT: ( Metal Short ) Special Wire of Net vdd & Pin of Cell g5889__2802  ( Metal1 )
Bounds : ( 80.040, 42.450 ) ( 81.780, 42.810 )


SHORT: ( Metal Short ) Special Wire of Net vss & Pin of Cell M2_A3_sum_reg[3]  ( Metal1 )
Bounds : ( 77.140, 8.520 ) ( 84.970, 8.880 )


SHORT: ( Metal Short ) Special Wire of Net vss & Pin of Cell M2_op_reg[7]  ( Metal1 )
Bounds : ( 70.760, 8.520 ) ( 76.850, 8.880 )


SHORT: ( Metal Short ) Special Wire of Net vss & Pin of Cell M2_op_reg[6]  ( Metal1 )
Bounds : ( 68.440, 18.960 ) ( 90.770, 19.320 )


SHORT: ( Metal Short ) Special Wire of Net vdd & Pin of Cell g5521  ( Metal1 )
Bounds : ( 67.570, 21.570 ) ( 95.990, 21.930 )


SHORT: ( Metal Short ) Special Wire of Net vdd & Pin of Cell g5471__4319  ( Metal1 )
Bounds : ( 65.830, 16.350 ) ( 95.990, 16.710 )


SHORT: ( Metal Short ) Special Wire of Net vss & Pin of Cell g5509  ( Metal1 )
Bounds : ( 65.830, 13.740 ) ( 95.990, 14.100 )


SHORT: ( Metal Short ) Special Wire of Net vdd & Pin of Cell M2_op_reg[7]  ( Metal1 )
Bounds : ( 65.830, 11.130 ) ( 86.420, 11.490 )


SHORT: ( Metal Short ) Special Wire of Net vss & Pin of Cell WELLTAP_3  ( Metal1 )
Bounds : ( 65.830, 8.520 ) ( 66.120, 8.880 )


SHORT: ( Metal Short ) Special Wire of Net vdd & Pin of Cell WELLTAP_3  ( Metal1 )
Bounds : ( 65.830, 5.910 ) ( 66.120, 6.270 )


SHORT: ( Metal Short ) Special Wire of Net vss & Pin of Cell A1_sum_reg[7]  ( Metal1 )
Bounds : ( 58.290, 8.520 ) ( 64.380, 8.880 )


SHORT: ( Metal Short ) Special Wire of Net vdd & Pin of Cell A1_sum_reg[7]  ( Metal1 )
Bounds : ( 57.710, 11.130 ) ( 64.670, 11.490 )


SHORT: ( Metal Short ) Special Wire of Net vss & Pin of Cell g5721__1617  ( Metal1 )
Bounds : ( 84.390, 24.180 ) ( 89.030, 24.540 )


SHORT: ( Metal Short ) Special Wire of Net vdd & Pin of Cell g5547__5122  ( Metal1 )
Bounds : ( 87.580, 11.130 ) ( 88.740, 11.490 )


SHORT: ( Metal Short ) Special Wire of Net vss & Pin of Cell M2_A2_sum_reg[4]  ( Metal1 )
Bounds : ( 89.610, 8.520 ) ( 95.990, 8.880 )


SHORT: ( Metal Short ) Special Wire of Net vdd & Pin of Cell M2_A2_sum_reg[4]  ( Metal1 )
Bounds : ( 89.610, 11.130 ) ( 95.990, 11.490 )


SHORT: ( Metal Short ) Special Wire of Net vss & Pin of Cell M2_A1_sum_reg[4]  ( Metal1 )
Bounds : ( 89.610, 24.180 ) ( 95.990, 24.540 )


SHORT: ( Metal Short ) Special Wire of Net vss & Pin of Cell g5561__4733  ( Metal1 )
Bounds : ( 91.060, 18.960 ) ( 95.990, 19.320 )


SHORT: ( Metal Short ) Special Wire of Net vdd & Pin of Cell WELLTAP_4  ( Metal1 )
Bounds : ( 95.700, 5.910 ) ( 95.990, 6.270 )


SHORT: ( Metal Short ) Special Wire of Net vdd & Pin of Cell ENDCAP_2  ( Metal1 )
Bounds : ( 100.630, 5.910 ) ( 100.920, 6.270 )


SHORT: ( Metal Short ) Special Wire of Net vss & Pin of Cell ENDCAP_2  ( Metal1 )
Bounds : ( 100.630, 8.520 ) ( 100.920, 8.880 )


SHORT: ( Metal Short ) Special Wire of Net vdd & Pin of Cell ENDCAP_4  ( Metal1 )
Bounds : ( 100.630, 11.130 ) ( 100.920, 11.490 )


SHORT: ( Metal Short ) Special Wire of Net vss & Pin of Cell ENDCAP_8  ( Metal1 )
Bounds : ( 100.630, 13.740 ) ( 100.920, 14.100 )


SHORT: ( Metal Short ) Special Wire of Net vdd & Pin of Cell ENDCAP_8  ( Metal1 )
Bounds : ( 100.630, 16.350 ) ( 100.920, 16.710 )


SHORT: ( Metal Short ) Special Wire of Net vss & Pin of Cell ENDCAP_10  ( Metal1 )
Bounds : ( 100.630, 18.960 ) ( 100.920, 19.320 )


SHORT: ( Metal Short ) Special Wire of Net vdd & Pin of Cell ENDCAP_12  ( Metal1 )
Bounds : ( 100.630, 21.570 ) ( 100.920, 21.930 )


SHORT: ( Metal Short ) Special Wire of Net vss & Pin of Cell ENDCAP_14  ( Metal1 )
Bounds : ( 100.630, 24.180 ) ( 100.920, 24.540 )


SHORT: ( Metal Short ) Special Wire of Net vdd & Pin of Cell g5451__7482  ( Metal1 )
Bounds : ( 35.960, 26.790 ) ( 51.040, 27.150 )


SHORT: ( Metal Short ) Special Wire of Net vdd & Pin of Cell g5829__2346  ( Metal1 )
Bounds : ( 34.510, 32.010 ) ( 35.670, 32.370 )


SHORT: ( Metal Short ) Special Wire of Net vss & Pin of Cell g5829__2346  ( Metal1 )
Bounds : ( 34.220, 34.620 ) ( 35.670, 34.980 )


SHORT: ( Metal Short ) Special Wire of Net vdd & Pin of Cell g5860__1705  ( Metal1 )
Bounds : ( 33.060, 37.230 ) ( 35.380, 37.590 )


SHORT: ( Metal Short ) Special Wire of Net vdd & Pin of Cell g5584__3680  ( Metal1 )
Bounds : ( 30.740, 26.790 ) ( 34.800, 27.150 )


SHORT: ( Metal Short ) Special Wire of Net vss & Pin of Cell M4_V2_H0_sum_reg  ( Metal1 )
Bounds : ( 29.290, 50.280 ) ( 35.380, 50.640 )


SHORT: ( Metal Short ) Special Wire of Net vdd & Pin of Cell g5644__1617  ( Metal1 )
Bounds : ( 28.130, 42.450 ) ( 44.080, 42.810 )


SHORT: ( Metal Short ) Special Wire of Net vss & Pin of Cell M4_A2_sum_reg[0]  ( Metal1 )
Bounds : ( 35.960, 29.400 ) ( 42.630, 29.760 )


SHORT: ( Metal Short ) Special Wire of Net vdd & Pin of Cell WELLTAP_38  ( Metal1 )
Bounds : ( 35.960, 32.010 ) ( 36.250, 32.370 )


SHORT: ( Metal Short ) Special Wire of Net vss & Pin of Cell WELLTAP_42  ( Metal1 )
Bounds : ( 35.960, 34.620 ) ( 36.250, 34.980 )


SHORT: ( Metal Short ) Special Wire of Net vss & Pin of Cell M4_V3_res_reg  ( Metal1 )
Bounds : ( 35.960, 50.280 ) ( 44.080, 50.640 )


SHORT: ( Metal Short ) Special Wire of Net vdd & Pin of Cell M4_A1_sum_reg[0]  ( Metal1 )
Bounds : ( 36.540, 32.010 ) ( 42.630, 32.370 )


SHORT: ( Metal Short ) Special Wire of Net vss & Pin of Cell M4_V1_H1_sum_reg  ( Metal1 )
Bounds : ( 36.830, 34.620 ) ( 42.920, 34.980 )


SHORT: ( Metal Short ) Special Wire of Net vss & Pin of Cell op_reg[8]  ( Metal1 )
Bounds : ( 43.500, 29.400 ) ( 49.880, 29.760 )


SHORT: ( Metal Short ) Special Wire of Net vdd & Pin of Cell g5827__9315  ( Metal1 )
Bounds : ( 44.950, 42.450 ) ( 47.850, 42.810 )


SHORT: ( Metal Short ) Special Wire of Net vdd & Pin of Cell g5588__9945  ( Metal1 )
Bounds : ( 21.170, 42.450 ) ( 22.910, 42.810 )


SHORT: ( Metal Short ) Special Wire of Net vdd & Pin of Cell M4_A1_sum_reg[3]  ( Metal1 )
Bounds : ( 15.080, 47.670 ) ( 21.170, 48.030 )


SHORT: ( Metal Short ) Special Wire of Net vdd & Pin of Cell M4_A1_sum_reg[4]  ( Metal1 )
Bounds : ( 14.210, 42.450 ) ( 20.300, 42.810 )


SHORT: ( Metal Short ) Special Wire of Net vdd & Pin of Cell ENDCAP_15  ( Metal1 )
Bounds : ( 6.090, 26.790 ) ( 6.670, 27.150 )


SHORT: ( Metal Short ) Special Wire of Net vss & Pin of Cell ENDCAP_19  ( Metal1 )
Bounds : ( 6.090, 29.400 ) ( 6.670, 29.760 )


SHORT: ( Metal Short ) Special Wire of Net vdd & Pin of Cell ENDCAP_21  ( Metal1 )
Bounds : ( 6.090, 32.010 ) ( 6.670, 32.370 )


SHORT: ( Metal Short ) Special Wire of Net vss & Pin of Cell ENDCAP_23  ( Metal1 )
Bounds : ( 6.090, 34.620 ) ( 6.670, 34.980 )


SHORT: ( Metal Short ) Special Wire of Net vdd & Pin of Cell ENDCAP_25  ( Metal1 )
Bounds : ( 6.090, 37.230 ) ( 6.670, 37.590 )


SHORT: ( Metal Short ) Special Wire of Net vss & Pin of Cell ENDCAP_25  ( Metal1 )
Bounds : ( 6.090, 39.840 ) ( 6.670, 40.200 )


SHORT: ( Metal Short ) Special Wire of Net vdd & Pin of Cell ENDCAP_29  ( Metal1 )
Bounds : ( 6.090, 42.450 ) ( 6.670, 42.810 )


SHORT: ( Metal Short ) Special Wire of Net vss & Pin of Cell ENDCAP_31  ( Metal1 )
Bounds : ( 6.090, 45.060 ) ( 6.670, 45.420 )


SHORT: ( Metal Short ) Special Wire of Net vdd & Pin of Cell ENDCAP_33  ( Metal1 )
Bounds : ( 6.090, 47.670 ) ( 6.670, 48.030 )


SHORT: ( Metal Short ) Special Wire of Net vss & Pin of Cell ENDCAP_35  ( Metal1 )
Bounds : ( 6.090, 50.280 ) ( 6.670, 50.640 )


SHORT: ( Metal Short ) Special Wire of Net vss & Pin of Cell M4_A1_sum_reg[4]  ( Metal1 )
Bounds : ( 14.210, 45.060 ) ( 20.300, 45.420 )


SHORT: ( Metal Short ) Special Wire of Net vss & Pin of Cell M4_V4_H1_carry_reg  ( Metal1 )
Bounds : ( 13.050, 34.620 ) ( 33.930, 34.980 )


SHORT: ( Metal Short ) Special Wire of Net vdd & Pin of Cell g5886__5526  ( Metal1 )
Bounds : ( 13.050, 37.230 ) ( 32.480, 37.590 )


SHORT: ( Metal Short ) Special Wire of Net vss & Pin of Cell g5512__7482  ( Metal1 )
Bounds : ( 13.630, 29.400 ) ( 34.800, 29.760 )


SHORT: ( Metal Short ) Special Wire of Net vdd & Pin of Cell g5546__1705  ( Metal1 )
Bounds : ( 13.630, 32.010 ) ( 33.930, 32.370 )


SHORT: ( Metal Short ) Special Wire of Net vdd & Pin of Cell g5508  ( Metal1 )
Bounds : ( 14.500, 26.790 ) ( 30.450, 27.150 )


SHORT: ( Metal Short ) Special Wire of Net vss & Pin of Cell M4_A1_sum_reg[3]  ( Metal1 )
Bounds : ( 14.500, 50.280 ) ( 29.000, 50.640 )


SHORT: ( Metal Short ) Special Wire of Net vss & Pin of Cell g5636__2398  ( Metal1 )
Bounds : ( 21.460, 45.060 ) ( 44.370, 45.420 )


SHORT: ( Metal Short ) Special Wire of Net vdd & Pin of Cell g5676__9945  ( Metal1 )
Bounds : ( 21.460, 47.670 ) ( 44.370, 48.030 )


SHORT: ( Metal Short ) Special Wire of Net vdd & Pin of Cell g5621__6161  ( Metal1 )
Bounds : ( 24.940, 42.450 ) ( 27.550, 42.810 )


SHORT: ( Metal Short ) Special Wire of Net vss & Pin of Cell g5435__3680  ( Metal1 )
Bounds : ( 46.980, 18.960 ) ( 48.430, 19.320 )


SHORT: ( Metal Short ) Special Wire of Net vss & Pin of Cell op_reg[10]  ( Metal1 )
Bounds : ( 44.660, 8.520 ) ( 51.040, 8.880 )


SHORT: ( Metal Short ) Special Wire of Net vdd & Pin of Cell g5432__6783  ( Metal1 )
Bounds : ( 43.500, 21.570 ) ( 46.400, 21.930 )


SHORT: ( Metal Short ) Special Wire of Net vss & Pin of Cell g5437__1705  ( Metal1 )
Bounds : ( 43.500, 18.960 ) ( 45.530, 19.320 )


SHORT: ( Metal Short ) Special Wire of Net vss & Pin of Cell op_reg[11]  ( Metal1 )
Bounds : ( 37.990, 8.520 ) ( 44.370, 8.880 )


SHORT: ( Metal Short ) Special Wire of Net vdd & Pin of Cell op_reg[11]  ( Metal1 )
Bounds : ( 37.990, 5.910 ) ( 44.370, 6.270 )


SHORT: ( Metal Short ) Special Wire of Net vss & Pin of Cell A2_sum_reg[8]  ( Metal1 )
Bounds : ( 36.540, 18.960 ) ( 42.630, 19.320 )


SHORT: ( Metal Short ) Special Wire of Net vdd & Pin of Cell g5424__8428  ( Metal1 )
Bounds : ( 36.540, 16.350 ) ( 51.040, 16.710 )


SHORT: ( Metal Short ) Special Wire of Net vss & Pin of Cell g5438__1881  ( Metal1 )
Bounds : ( 35.960, 24.180 ) ( 48.430, 24.540 )


SHORT: ( Metal Short ) Special Wire of Net vdd & Pin of Cell A3_sum_reg[4]  ( Metal1 )
Bounds : ( 29.870, 5.910 ) ( 36.250, 6.270 )


SHORT: ( Metal Short ) Special Wire of Net vdd & Pin of Cell g5436  ( Metal1 )
Bounds : ( 46.980, 21.570 ) ( 47.850, 21.930 )


SHORT: ( Metal Short ) Special Wire of Net vdd & Pin of Cell g5445__5122  ( Metal1 )
Bounds : ( 48.720, 21.570 ) ( 51.040, 21.930 )


SHORT: ( Metal Short ) Special Wire of Net vss & Pin of Cell g5447__7098  ( Metal1 )
Bounds : ( 48.720, 24.180 ) ( 51.040, 24.540 )


SHORT: ( Metal Short ) Special Wire of Net vss & Pin of Cell g5431__5526  ( Metal1 )
Bounds : ( 49.010, 18.960 ) ( 51.040, 19.320 )


SHORT: ( Metal Short ) Special Wire of Net vdd & Pin of Cell g5417__5107  ( Metal1 )
Bounds : ( 20.010, 16.350 ) ( 21.170, 16.710 )


SHORT: ( Metal Short ) Special Wire of Net vss & Pin of Cell g5415__2398  ( Metal1 )
Bounds : ( 19.140, 13.740 ) ( 21.750, 14.100 )


SHORT: ( Metal Short ) Special Wire of Net vdd & Pin of Cell op_reg[14]  ( Metal1 )
Bounds : ( 16.820, 5.910 ) ( 23.200, 6.270 )


SHORT: ( Metal Short ) Special Wire of Net vdd & Pin of Cell A3_sum_reg[7]  ( Metal1 )
Bounds : ( 11.020, 16.350 ) ( 18.850, 16.710 )


SHORT: ( Metal Short ) Special Wire of Net vss & Pin of Cell A3_sum_reg[7]  ( Metal1 )
Bounds : ( 11.020, 13.740 ) ( 18.850, 14.100 )


SHORT: ( Metal Short ) Special Wire of Net vss & Pin of Cell M4_A3_sum_reg[2]  ( Metal1 )
Bounds : ( 10.730, 24.180 ) ( 24.650, 24.540 )


SHORT: ( Metal Short ) Special Wire of Net vdd & Pin of Cell ENDCAP_1  ( Metal1 )
Bounds : ( 6.090, 5.910 ) ( 6.670, 6.270 )


SHORT: ( Metal Short ) Special Wire of Net vss & Pin of Cell ENDCAP_3  ( Metal1 )
Bounds : ( 6.090, 8.520 ) ( 6.670, 8.880 )


SHORT: ( Metal Short ) Special Wire of Net vdd & Pin of Cell ENDCAP_5  ( Metal1 )
Bounds : ( 6.090, 11.130 ) ( 6.670, 11.490 )


SHORT: ( Metal Short ) Special Wire of Net vss & Pin of Cell ENDCAP_5  ( Metal1 )
Bounds : ( 6.090, 13.740 ) ( 6.670, 14.100 )


SHORT: ( Metal Short ) Special Wire of Net vdd & Pin of Cell ENDCAP_9  ( Metal1 )
Bounds : ( 6.090, 16.350 ) ( 6.670, 16.710 )


SHORT: ( Metal Short ) Special Wire of Net vss & Pin of Cell ENDCAP_11  ( Metal1 )
Bounds : ( 6.090, 18.960 ) ( 6.670, 19.320 )


SHORT: ( Metal Short ) Special Wire of Net vdd & Pin of Cell ENDCAP_13  ( Metal1 )
Bounds : ( 6.090, 21.570 ) ( 6.670, 21.930 )


SHORT: ( Metal Short ) Special Wire of Net vss & Pin of Cell ENDCAP_15  ( Metal1 )
Bounds : ( 6.090, 24.180 ) ( 6.670, 24.540 )


SHORT: ( Metal Short ) Special Wire of Net vdd & Pin of Cell M4_op_reg[7]  ( Metal1 )
Bounds : ( 10.730, 21.570 ) ( 42.630, 21.930 )


SHORT: ( Metal Short ) Special Wire of Net vdd & Pin of Cell op_reg[13]  ( Metal1 )
Bounds : ( 11.600, 11.130 ) ( 36.250, 11.490 )


SHORT: ( Metal Short ) Special Wire of Net vss & Pin of Cell M4_op_reg[5]  ( Metal1 )
Bounds : ( 11.600, 18.960 ) ( 36.250, 19.320 )


SHORT: ( Metal Short ) Special Wire of Net vss & Pin of Cell op_reg[14]  ( Metal1 )
Bounds : ( 16.820, 8.520 ) ( 36.250, 8.880 )


SHORT: ( Metal Short ) Special Wire of Net vss & Pin of Cell A3_sum_reg[5]  ( Metal1 )
Bounds : ( 22.330, 13.740 ) ( 36.250, 14.100 )


SHORT: ( Metal Short ) Special Wire of Net vdd & Pin of Cell g5418__6260  ( Metal1 )
Bounds : ( 22.620, 16.350 ) ( 36.250, 16.710 )


SHORT: ( Metal Short ) Special Wire of Net vss & Pin of Cell g5888__2346  ( Metal1 )
Bounds : ( 13.630, 39.840 ) ( 73.370, 40.200 )


SHORT: ( Metal Short ) Special Wire of Net vdd & Pin of Cell M4_V1_H1_sum_reg  ( Metal1 )
Bounds : ( 35.960, 37.230 ) ( 65.540, 37.590 )


SHORT: ( Metal Short ) Special Wire of Net vdd & Pin of Cell op_reg[10]  ( Metal1 )
Bounds : ( 36.540, 11.130 ) ( 56.260, 11.490 )


SHORT: ( Metal Short ) Special Wire of Net vss & Pin of Cell A2_sum_reg[7]  ( Metal1 )
Bounds : ( 36.540, 13.740 ) ( 64.670, 14.100 )


SHORT: ( Metal Short ) Special Wire of Net vss & Pin of Cell M2_V4_res_reg  ( Metal1 )
Bounds : ( 43.210, 34.620 ) ( 95.990, 34.980 )


SHORT: ( Metal Short ) Special Wire of Net vdd & Pin of Cell op_reg[8]  ( Metal1 )
Bounds : ( 43.500, 32.010 ) ( 95.990, 32.370 )


SHORT: ( Metal Short ) Special Wire of Net vss & Pin of Cell M3_V4_res_reg  ( Metal1 )
Bounds : ( 44.950, 50.280 ) ( 56.840, 50.640 )


SHORT: ( Metal Short ) Special Wire of Net vss & Pin of Cell g5887__6131  ( Metal1 )
Bounds : ( 46.110, 45.060 ) ( 66.120, 45.420 )


SHORT: ( Metal Short ) Special Wire of Net vdd & Pin of Cell g5560__7482  ( Metal1 )
Bounds : ( 46.110, 47.670 ) ( 66.120, 48.030 )


SHORT: ( Metal Short ) Special Wire of Net vdd & Pin of Cell g5533__6783  ( Metal1 )
Bounds : ( 49.300, 42.450 ) ( 66.120, 42.810 )


SHORT: ( Metal Short ) Special Wire of Net vdd & Pin of Cell g5458__6417  ( Metal1 )
Bounds : ( 51.330, 26.790 ) ( 79.460, 27.150 )


SHORT: ( Metal Short ) Special Wire of Net vss & Pin of Cell g5454__4733  ( Metal1 )
Bounds : ( 51.330, 29.400 ) ( 53.940, 29.760 )


SHORT: ( Metal Short ) Special Wire of Net vdd & Pin of Cell g5450__9315  ( Metal1 )
Bounds : ( 51.620, 21.570 ) ( 66.120, 21.930 )


SHORT: ( Metal Short ) Special Wire of Net vss & Pin of Cell g5444__2802  ( Metal1 )
Bounds : ( 51.620, 24.180 ) ( 84.100, 24.540 )


SHORT: ( Metal Short ) Special Wire of Net vdd & Pin of Cell op_reg[9]  ( Metal1 )
Bounds : ( 51.910, 16.350 ) ( 64.380, 16.710 )


SHORT: ( Metal Short ) Special Wire of Net vss & Pin of Cell g5453__2346  ( Metal1 )
Bounds : ( 52.200, 18.960 ) ( 66.120, 19.320 )


  Total Violations : 308 Viols.
